e:\users\haim.azulay\documents\projects\final_project_gui\final_project_gui\x64\release\vc142.pdb
e:\users\haim.azulay\documents\projects\final_project_gui\final_project_gui\x64\release\.netframework,version=v4.6.1.assemblyattributes.obj
e:\users\haim.azulay\documents\projects\final_project_gui\final_project_gui\x64\release\mainform.obj
e:\users\haim.azulay\documents\projects\final_project_gui\final_project_gui\x64\release\finalprojectgui.mainform.resources
e:\users\haim.azulay\documents\projects\final_project_gui\final_project_gui\x64\release\final_project_gui.vcxproj.assemblyreference.cache
e:\users\haim.azulay\documents\projects\final_project_gui\final_project_gui\x64\release\final_project_gui.vcxproj.generateresource.cache
e:\users\haim.azulay\documents\projects\final_project_gui\x64\release\final_project_gui.pdb
e:\users\haim.azulay\documents\projects\final_project_gui\final_project_gui\x64\release\final_pr.e59484ba.tlog\cl.command.1.tlog
e:\users\haim.azulay\documents\projects\final_project_gui\final_project_gui\x64\release\final_pr.e59484ba.tlog\cl.read.1.tlog
e:\users\haim.azulay\documents\projects\final_project_gui\final_project_gui\x64\release\final_pr.e59484ba.tlog\cl.write.1.tlog
e:\users\haim.azulay\documents\projects\final_project_gui\final_project_gui\x64\release\final_pr.e59484ba.tlog\final_project_gui.write.1u.tlog
e:\users\haim.azulay\documents\projects\final_project_gui\final_project_gui\x64\release\final_pr.e59484ba.tlog\link.20244.read.1.tlog
e:\users\haim.azulay\documents\projects\final_project_gui\final_project_gui\x64\release\final_pr.e59484ba.tlog\link.20244.write.1.tlog
e:\users\haim.azulay\documents\projects\final_project_gui\final_project_gui\x64\release\final_pr.e59484ba.tlog\link.20980.read.1.tlog
e:\users\haim.azulay\documents\projects\final_project_gui\final_project_gui\x64\release\final_pr.e59484ba.tlog\link.20980.write.1.tlog
e:\users\haim.azulay\documents\projects\final_project_gui\final_project_gui\x64\release\final_pr.e59484ba.tlog\link.command.1.tlog
e:\users\haim.azulay\documents\projects\final_project_gui\final_project_gui\x64\release\final_pr.e59484ba.tlog\link.read.1.tlog
e:\users\haim.azulay\documents\projects\final_project_gui\final_project_gui\x64\release\final_pr.e59484ba.tlog\link.write.1.tlog
e:\users\haim.azulay\documents\projects\final_project_gui\final_project_gui\x64\release\final_pr.e59484ba.tlog\metagen.read.1.tlog
e:\users\haim.azulay\documents\projects\final_project_gui\final_project_gui\x64\release\final_pr.e59484ba.tlog\metagen.write.1.tlog
